<?xml version="1.0" encoding="UTF-8"?>
<!-- Generated by org.testng.reporters.JUnitReportReporter -->
<testsuite hostname="Kavya" failures="0" tests="1" name="itsutra.MyGImAVdEV.NewTest" time="12.632" errors="0" timestamp="2023-06-23T00:19:37 IST" skipped="0">
  <testcase classname="itsutra.MyGImAVdEV.NewTest" name="f" time="12.632"/>
  <system-out/>
</testsuite> <!-- itsutra.MyGImAVdEV.NewTest -->
